<?xml version="1.0" encoding="UTF-8"?>
<!-- Generated by org.testng.reporters.JUnitReportReporter -->
<testsuite hostname="Rinkutai-Datkhile-B588s-MacBook-Air.local" failures="0" tests="2" name="com.TestLayer.HomePageTest" time="34.655" errors="0" timestamp="2022-03-02T21:42:05 IST" skipped="0">
  <testcase classname="com.TestLayer.HomePageTest" name="validateHomePage" time="17.191"/>
  <system-out/>
  <testcase classname="com.TestLayer.HomePageTest" name="Feature" time="17.464"/>
  <system-out/>
</testsuite> <!-- com.TestLayer.HomePageTest -->
