<?xml version="1.0" encoding="UTF-8"?>
<!-- Generated by org.testng.reporters.JUnitReportReporter -->
<testsuite hostname="Rinkutai-Datkhile-B588s-MacBook-Air.local" failures="0" tests="1" name="com.TestLayer.SignupPageTest" time="19.337" errors="0" timestamp="2022-03-02T21:42:05 IST" skipped="0">
  <testcase classname="com.TestLayer.SignupPageTest" name="signUp" time="19.337"/>
  <system-out/>
</testsuite> <!-- com.TestLayer.SignupPageTest -->
