<?xml version="1.0" encoding="UTF-8"?>
<!-- Generated by org.testng.reporters.JUnitReportReporter -->
<testsuite hostname="Rinkutai-Datkhile-B588s-MacBook-Air.local" failures="0" tests="1" name="com.TestLayer.TestScriptt" time="24.942" errors="0" timestamp="2022-03-02T15:53:48 IST" skipped="0">
  <testcase classname="com.TestLayer.TestScriptt" name="signIn" time="24.942"/>
  <system-out/>
</testsuite> <!-- com.TestLayer.TestScriptt -->
