<?xml version="1.0" encoding="UTF-8"?>
<!-- Generated by org.testng.reporters.JUnitReportReporter -->
<testsuite hostname="Rinkutai-Datkhile-B588s-MacBook-Air.local" failures="0" tests="2" name="com.TestLayer.HomePageTest" time="51.278" errors="0" timestamp="2022-03-11T17:17:45 IST" skipped="0">
  <testcase classname="com.TestLayer.HomePageTest" name="validateHomePage" time="24.016"/>
  <system-out/>
  <testcase classname="com.TestLayer.HomePageTest" name="Feature" time="27.262"/>
  <system-out/>
</testsuite> <!-- com.TestLayer.HomePageTest -->
